<?xml version="1.0" encoding="UTF-8"?>
<!-- Generated by org.testng.reporters.JUnitXMLReporter -->
<testsuite hostname="INL-7TVF2G2" ignored="0" name="Default test" tests="4" failures="0" timestamp="19 Jun 2019 02:29:42 GMT" time="12.429" errors="0">
  <testcase name="getResonseBody" time="0.035" classname="com.qa.employee.testcases.DeleteEmployees"/>
  <testcase name="getStatusCode" time="0.006" classname="com.qa.employee.testcases.DeleteEmployees"/>
  <testcase name="getStatusLine" time="0.016" classname="com.qa.employee.testcases.DeleteEmployees"/>
  <testcase name="getStatusTime" time="0.003" classname="com.qa.employee.testcases.DeleteEmployees"/>
</testsuite> <!-- Default test -->
