<?xml version="1.0" encoding="UTF-8"?>
<!-- Generated by org.testng.reporters.JUnitXMLReporter -->
<testsuite hostname="INL-7TVF2G2" ignored="0" name="Rest assures test" tests="29" failures="0" timestamp="20 Jun 2019 13:08:34 GMT" time="27.274" errors="0">
  <testcase name="checkContentType" time="0.007" classname="com.qa.employee.testcases.GetAllEmployees"/>
  <testcase name="checkResponseTime" time="0.002" classname="com.qa.employee.testcases.GetAllEmployees"/>
  <testcase name="checkServerType" time="0.001" classname="com.qa.employee.testcases.GetAllEmployees"/>
  <testcase name="checkStatusCode" time="0.005" classname="com.qa.employee.testcases.GetAllEmployees"/>
  <testcase name="getCheckResponseBody" time="0.057" classname="com.qa.employee.testcases.GetAllEmployees"/>
  <testcase name="getStatusLine" time="0.002" classname="com.qa.employee.testcases.GetAllEmployees"/>
  <testcase name="checkContentType" time="0.001" classname="com.qa.employee.testcases.GetSingleEmployeeDetails"/>
  <testcase name="checkServerType" time="0.003" classname="com.qa.employee.testcases.GetSingleEmployeeDetails"/>
  <testcase name="contentLength" time="0.004" classname="com.qa.employee.testcases.GetSingleEmployeeDetails"/>
  <testcase name="getResponseBody" time="0.002" classname="com.qa.employee.testcases.GetSingleEmployeeDetails"/>
  <testcase name="getResponseTime" time="0.003" classname="com.qa.employee.testcases.GetSingleEmployeeDetails"/>
  <testcase name="getStatusCode" time="0.001" classname="com.qa.employee.testcases.GetSingleEmployeeDetails"/>
  <testcase name="getStatusLine" time="0.002" classname="com.qa.employee.testcases.GetSingleEmployeeDetails"/>
  <testcase name="checkContentType" time="0.005" classname="com.qa.employee.testcases.PostEmployeeDetails"/>
  <testcase name="checkServerType" time="0.002" classname="com.qa.employee.testcases.PostEmployeeDetails"/>
  <testcase name="contentLength" time="0.002" classname="com.qa.employee.testcases.PostEmployeeDetails"/>
  <testcase name="getResponseBody" time="0.005" classname="com.qa.employee.testcases.PostEmployeeDetails"/>
  <testcase name="getStatusCode" time="0.001" classname="com.qa.employee.testcases.PostEmployeeDetails"/>
  <testcase name="getStatusLine" time="0.002" classname="com.qa.employee.testcases.PostEmployeeDetails"/>
  <testcase name="checkContentType" time="0.001" classname="com.qa.employee.testcases.PutEmployeeDetails"/>
  <testcase name="checkServerType" time="0.001" classname="com.qa.employee.testcases.PutEmployeeDetails"/>
  <testcase name="contentLength" time="0.004" classname="com.qa.employee.testcases.PutEmployeeDetails"/>
  <testcase name="getResponseBody" time="0.003" classname="com.qa.employee.testcases.PutEmployeeDetails"/>
  <testcase name="getStatusCode" time="0.001" classname="com.qa.employee.testcases.PutEmployeeDetails"/>
  <testcase name="getStatusLine" time="0.002" classname="com.qa.employee.testcases.PutEmployeeDetails"/>
  <testcase name="getResonseBody" time="0.002" classname="com.qa.employee.testcases.DeleteEmployees"/>
  <testcase name="getStatusCode" time="0.001" classname="com.qa.employee.testcases.DeleteEmployees"/>
  <testcase name="getStatusLine" time="0.001" classname="com.qa.employee.testcases.DeleteEmployees"/>
  <testcase name="getStatusTime" time="0.002" classname="com.qa.employee.testcases.DeleteEmployees"/>
</testsuite> <!-- Rest assures test -->
